Arguments: 
  C:\Program Files\nodejs\node.exe C:\Users\subham\AppData\Roaming\npm\node_modules\yarn\bin\yarn.js init

PATH: 
  C:\Users\subham\bin;C:\Users\subham\AppData\Local\Programs\Git\mingw64\bin;C:\Users\subham\AppData\Local\Programs\Git\usr\local\bin;C:\Users\subham\AppData\Local\Programs\Git\usr\bin;C:\Users\subham\AppData\Local\Programs\Git\usr\bin;C:\Users\subham\AppData\Local\Programs\Git\mingw64\bin;C:\Users\subham\AppData\Local\Programs\Git\usr\bin;C:\Users\subham\bin;C:\ProgramData\Oracle\Java\javapath;C:\Program Files (x86)\Intel\iCLS Client;C:\Program Files\Intel\iCLS Client;C:\Program Files (x86)\NVIDIA Corporation\PhysX\Common;C:\WINDOWS\system32;C:\WINDOWS;C:\WINDOWS\System32\Wbem;C:\WINDOWS\System32\WindowsPowerShell\v1.0;C:\Program Files\Intel\Intel(R) Management Engine Components\DAL;C:\Program Files\Intel\Intel(R) Management Engine Components\IPT;C:\Program Files (x86)\Intel\Intel(R) Management Engine Components\DAL;C:\Program Files (x86)\Intel\Intel(R) Management Engine Components\IPT;C:\Program Files\Lenovo\Bluetooth Software;C:\Program Files\Lenovo\Bluetooth Software\syswow64;C:\Program Files (x86)\QuickTime\QTSystem;C:\Program Files (x86)\MySQL\MySQL Server 5.0\bin;C:\Program Files (x86)\MATLAB\R2010a\runtime\win32;C:\Program Files (x86)\MATLAB\R2010a\bin;C:\Program Files\PuTTY;C:\Program Files\CMake\bin;C:\TDM-GCC-64\bin;C:\WINDOWS\System32\OpenSSH;C:\Program Files\nodejs;C:\Users\subham\AppData\Local\Programs\Git\usr\bin\cmd;C:\Python27;C:\Python27\Lib\site-packages;C:\Python27\Scripts;C:\Users\subham\AppData\Local\Microsoft\WindowsApps;C:\Program Files\Java\jdk1.8.0_60\bin;C:\Users\subham\AppData\Local\atom\bin;C:\Users\subham\AppData\Local\Microsoft\WindowsApps;C:\Users\subham\AppData\Roaming\npm;C:\Users\subham\AppData\Local\Programs\Git\usr\bin\vendor_perl;C:\Users\subham\AppData\Local\Programs\Git\usr\bin\core_perl

Yarn version: 
  1.7.0

Node version: 
  8.11.2

Platform: 
  win32 x64

Trace: 
  Error: Can't answer a question unless a user TTY
      at ConsoleReporter.question (C:\Users\subham\AppData\Roaming\npm\node_modules\yarn\lib\cli.js:94294:59)
      at Object.<anonymous> (C:\Users\subham\AppData\Roaming\npm\node_modules\yarn\lib\cli.js:87100:38)
      at Generator.next (<anonymous>)
      at step (C:\Users\subham\AppData\Roaming\npm\node_modules\yarn\lib\cli.js:98:30)
      at C:\Users\subham\AppData\Roaming\npm\node_modules\yarn\lib\cli.js:109:13
      at <anonymous>

npm manifest: 
  No manifest

yarn manifest: 
  No manifest

Lockfile: 
  No lockfile
